<?xml version="1.0" encoding="UTF-8"?>
<!-- Generated by org.testng.reporters.JUnitReportReporter -->
<testsuite name="html.TestGridActivationTest" tests="1" time="0.001" ignored="2" failures="0" timestamp="11 Oct 2018 07:06:42 GMT" skipped="0" hostname="4DEDKGROMOV1" errors="0">
  <testcase name="successTest" time="0.001" classname="html.TestGridActivationTest"/>
  <testcase name="listCrossProductBuilds" classname="jenkins.JenkinsClientTest">
    <skipped/>
  </testcase> <!-- listCrossProductBuilds -->
  <testcase name="listRegionBuilds" classname="jenkins.JenkinsClientTest">
    <skipped/>
  </testcase> <!-- listRegionBuilds -->
</testsuite> <!-- html.TestGridActivationTest -->
