<?xml version="1.0" encoding="UTF-8"?>
<!-- Generated by org.testng.reporters.JUnitReportReporter -->
<testsuite name="jenkins.JenkinsClientTest" tests="1" time="4.398" ignored="2" failures="0" timestamp="11 Oct 2018 07:06:42 GMT" skipped="0" hostname="4DEDKGROMOV1" errors="0">
  <testcase name="checkBuild" time="4.398" classname="jenkins.JenkinsClientTest"/>
  <testcase name="listCrossProductBuilds" classname="jenkins.JenkinsClientTest">
    <skipped/>
  </testcase> <!-- listCrossProductBuilds -->
  <testcase name="listRegionBuilds" classname="jenkins.JenkinsClientTest">
    <skipped/>
  </testcase> <!-- listRegionBuilds -->
</testsuite> <!-- jenkins.JenkinsClientTest -->
